<?xml version="1.0" encoding="UTF-8"?>
<!-- Generated by org.testng.reporters.JUnitReportReporter -->
<testsuite skipped="3" hostname="Hayriyes-MBP" name="com.qa.Ispeak.tests.HomePageTest" tests="6" failures="0" timestamp="2020-08-12T21:10:09 EDT" time="42.112" errors="0">
  <testcase name="loginInvalidTestcase" time="13.512" classname="com.qa.Ispeak.tests.HomePageTest"/>
  <system-out/>
  <testcase name="loginInvalidTestcase" time="14.640" classname="com.qa.Ispeak.tests.HomePageTest"/>
  <system-out/>
  <testcase name="loginInvalidTestcase" time="13.960" classname="com.qa.Ispeak.tests.HomePageTest"/>
  <system-out/>
  <testcase name="verifyPageHeadertest" classname="com.qa.Ispeak.tests.HomePageTest">
    <skipped/>
  </testcase> <!-- verifyPageHeadertest -->
  <system-out/>
  <testcase name="verifyChatBoxHeader" classname="com.qa.Ispeak.tests.HomePageTest">
    <skipped/>
  </testcase> <!-- verifyChatBoxHeader -->
  <system-out/>
  <testcase name="verifyPageTitleTest" classname="com.qa.Ispeak.tests.HomePageTest">
    <skipped/>
  </testcase> <!-- verifyPageTitleTest -->
  <system-out/>
</testsuite> <!-- com.qa.Ispeak.tests.HomePageTest -->
