<?xml version="1.0" encoding="UTF-8"?>
<!-- Generated by org.testng.reporters.JUnitReportReporter -->
<testsuite skipped="0" hostname="Hayriyes-MacBook-Pro.local" name="com.qa.amazon.tests.AccountPageTest" tests="1" failures="0" timestamp="2020-08-12T12:54:25 EDT" time="0.319" errors="0">
  <testcase name="verifyAccountPageTitle" time="0.319" classname="com.qa.amazon.tests.AccountPageTest"/>
  <system-out/>
</testsuite> <!-- com.qa.amazon.tests.AccountPageTest -->
